  main.cpp
D:\прога\laba2\laba2\main.cpp(15,2): error C4235: использовано нестандартное расширение: ключевое слово "__asm" данной архитектурой не поддерживается
D:\прога\laba2\laba2\main.cpp(16,3): error C2065: mov: необъявленный идентификатор
D:\прога\laba2\laba2\main.cpp(16,7): error C2146: синтаксическая ошибка: отсутствие ";" перед идентификатором "al"
D:\прога\laba2\laba2\main.cpp(16,7): error C2065: al: необъявленный идентификатор
D:\прога\laba2\laba2\main.cpp(17,3): error C2146: синтаксическая ошибка: отсутствие ";" перед идентификатором "mov"
D:\прога\laba2\laba2\main.cpp(17,3): error C2065: mov: необъявленный идентификатор
D:\прога\laba2\laba2\main.cpp(17,7): error C2146: синтаксическая ошибка: отсутствие ";" перед идентификатором "bl"
D:\прога\laba2\laba2\main.cpp(17,7): error C2065: bl: необъявленный идентификатор
D:\прога\laba2\laba2\main.cpp(18,3): error C2146: синтаксическая ошибка: отсутствие ";" перед идентификатором "cmp"
D:\прога\laba2\laba2\main.cpp(18,3): error C2065: cmp: необъявленный идентификатор
D:\прога\laba2\laba2\main.cpp(18,7): error C2146: синтаксическая ошибка: отсутствие ";" перед идентификатором "al"
D:\прога\laba2\laba2\main.cpp(18,7): error C2065: al: необъявленный идентификатор
D:\прога\laba2\laba2\main.cpp(18,11): error C2065: bl: необъявленный идентификатор
D:\прога\laba2\laba2\main.cpp(19,3): error C2146: синтаксическая ошибка: отсутствие ";" перед идентификатором "jne"
D:\прога\laba2\laba2\main.cpp(19,3): error C2065: jne: необъявленный идентификатор
D:\прога\laba2\laba2\main.cpp(19,7): error C2146: синтаксическая ошибка: отсутствие ";" перед идентификатором "iftrue"
D:\прога\laba2\laba2\main.cpp(19,7): error C2065: iftrue: необъявленный идентификатор
D:\прога\laba2\laba2\main.cpp(21,3): error C2146: синтаксическая ошибка: отсутствие ";" перед идентификатором "mov"
D:\прога\laba2\laba2\main.cpp(21,3): error C2065: mov: необъявленный идентификатор
D:\прога\laba2\laba2\main.cpp(21,7): error C2146: синтаксическая ошибка: отсутствие ";" перед идентификатором "al"
D:\прога\laba2\laba2\main.cpp(21,7): error C2065: al: необъявленный идентификатор
D:\прога\laba2\laba2\main.cpp(22,3): error C2146: синтаксическая ошибка: отсутствие ";" перед идентификатором "mov"
D:\прога\laba2\laba2\main.cpp(22,3): error C2065: mov: необъявленный идентификатор
D:\прога\laba2\laba2\main.cpp(22,7): error C2146: синтаксическая ошибка: отсутствие ";" перед идентификатором "bl"
D:\прога\laba2\laba2\main.cpp(22,7): error C2065: bl: необъявленный идентификатор
D:\прога\laba2\laba2\main.cpp(23,3): error C2146: синтаксическая ошибка: отсутствие ";" перед идентификатором "cmp"
D:\прога\laba2\laba2\main.cpp(23,3): error C2065: cmp: необъявленный идентификатор
D:\прога\laba2\laba2\main.cpp(23,7): error C2146: синтаксическая ошибка: отсутствие ";" перед идентификатором "al"
D:\прога\laba2\laba2\main.cpp(23,7): error C2065: al: необъявленный идентификатор
D:\прога\laba2\laba2\main.cpp(23,11): error C2065: bl: необъявленный идентификатор
D:\прога\laba2\laba2\main.cpp(24,3): error C2146: синтаксическая ошибка: отсутствие ";" перед идентификатором "jnbe"
D:\прога\laba2\laba2\main.cpp(24,3): error C2065: jnbe: необъявленный идентификатор
D:\прога\laba2\laba2\main.cpp(24,8): error C2146: синтаксическая ошибка: отсутствие ";" перед идентификатором "iftrue"
D:\прога\laba2\laba2\main.cpp(24,8): error C2065: iftrue: необъявленный идентификатор
D:\прога\laba2\laba2\main.cpp(26,3): error C2146: синтаксическая ошибка: отсутствие ";" перед идентификатором "jmp"
D:\прога\laba2\laba2\main.cpp(26,3): error C2065: jmp: необъявленный идентификатор
D:\прога\laba2\laba2\main.cpp(26,7): error C2146: синтаксическая ошибка: отсутствие ";" перед идентификатором "iffalse"
D:\прога\laba2\laba2\main.cpp(26,7): error C2065: iffalse: необъявленный идентификатор
D:\прога\laba2\laba2\main.cpp(27,3): error C2146: синтаксическая ошибка: отсутствие ";" перед идентификатором "iffalse"
D:\прога\laba2\laba2\main.cpp(29,4): error C2065: mov: необъявленный идентификатор
D:\прога\laba2\laba2\main.cpp(29,8): error C2146: синтаксическая ошибка: отсутствие ";" перед идентификатором "al"
D:\прога\laba2\laba2\main.cpp(29,8): error C2065: al: необъявленный идентификатор
D:\прога\laba2\laba2\main.cpp(30,4): error C2146: синтаксическая ошибка: отсутствие ";" перед идентификатором "mov"
D:\прога\laba2\laba2\main.cpp(30,4): error C2065: mov: необъявленный идентификатор
D:\прога\laba2\laba2\main.cpp(30,8): error C2146: синтаксическая ошибка: отсутствие ";" перед идентификатором "bl"
D:\прога\laba2\laba2\main.cpp(30,8): error C2065: bl: необъявленный идентификатор
D:\прога\laba2\laba2\main.cpp(31,4): error C2146: синтаксическая ошибка: отсутствие ";" перед идентификатором "cdq"
D:\прога\laba2\laba2\main.cpp(31,4): error C2065: cdq: необъявленный идентификатор
D:\прога\laba2\laba2\main.cpp(32,4): error C2146: синтаксическая ошибка: отсутствие ";" перед идентификатором "idiv"
D:\прога\laba2\laba2\main.cpp(32,4): error C2065: idiv: необъявленный идентификатор
D:\прога\laba2\laba2\main.cpp(32,9): error C2146: синтаксическая ошибка: отсутствие ";" перед идентификатором "bl"
D:\прога\laba2\laba2\main.cpp(32,9): error C2065: bl: необъявленный идентификатор
D:\прога\laba2\laba2\main.cpp(34,4): error C2146: синтаксическая ошибка: отсутствие ";" перед идентификатором "cdq"
D:\прога\laba2\laba2\main.cpp(34,4): error C2065: cdq: необъявленный идентификатор
D:\прога\laba2\laba2\main.cpp(35,4): error C2146: синтаксическая ошибка: отсутствие ";" перед идентификатором "imul"
D:\прога\laba2\laba2\main.cpp(35,4): error C2065: imul: необъявленный идентификатор
D:\прога\laba2\laba2\main.cpp(35,9): error C2146: синтаксическая ошибка: отсутствие ";" перед идентификатором "al"
D:\прога\laba2\laba2\main.cpp(35,9): error C2065: al: необъявленный идентификатор
D:\прога\laba2\laba2\main.cpp(37,4): error C2146: синтаксическая ошибка: отсутствие ";" перед идентификатором "add"
D:\прога\laba2\laba2\main.cpp(37,4): error C2065: add: необъявленный идентификатор
D:\прога\laba2\laba2\main.cpp(37,8): error C2146: синтаксическая ошибка: отсутствие ";" перед идентификатором "al"
D:\прога\laba2\laba2\main.cpp(37,8): error C2065: al: необъявленный идентификатор
D:\прога\laba2\laba2\main.cpp(38,4): error C2146: синтаксическая ошибка: отсутствие ";" перед идентификатором "sub"
D:\прога\laba2\laba2\main.cpp(38,4): error C2065: sub: необъявленный идентификатор
D:\прога\laba2\laba2\main.cpp(38,8): error C2146: синтаксическая ошибка: отсутствие ";" перед идентификатором "al"
D:\прога\laba2\laba2\main.cpp(38,8): error C2065: al: необъявленный идентификатор
D:\прога\laba2\laba2\main.cpp(39,4): error C2146: синтаксическая ошибка: отсутствие ";" перед идентификатором "mov"
D:\прога\laba2\laba2\main.cpp(39,4): error C2065: mov: необъявленный идентификатор
D:\прога\laba2\laba2\main.cpp(39,8): error C2146: синтаксическая ошибка: отсутствие ";" перед идентификатором "a"
D:\прога\laba2\laba2\main.cpp(39,11): error C2065: al: необъявленный идентификатор
D:\прога\laba2\laba2\main.cpp(40,4): error C2146: синтаксическая ошибка: отсутствие ";" перед идентификатором "jmp"
D:\прога\laba2\laba2\main.cpp(40,4): error C2065: jmp: необъявленный идентификатор
D:\прога\laba2\laba2\main.cpp(40,8): error C2146: синтаксическая ошибка: отсутствие ";" перед идентификатором "ifend"
D:\прога\laba2\laba2\main.cpp(40,8): error C2065: ifend: необъявленный идентификатор
D:\прога\laba2\laba2\main.cpp(41,3): error C2146: синтаксическая ошибка: отсутствие ";" перед идентификатором "iftrue"
D:\прога\laba2\laba2\main.cpp(43,4): error C2065: mov: необъявленный идентификатор
D:\прога\laba2\laba2\main.cpp(43,8): error C2146: синтаксическая ошибка: отсутствие ";" перед идентификатором "al"
D:\прога\laba2\laba2\main.cpp(43,8): error C2065: al: необъявленный идентификатор
D:\прога\laba2\laba2\main.cpp(44,4): error C2146: синтаксическая ошибка: отсутствие ";" перед идентификатором "mov"
D:\прога\laba2\laba2\main.cpp(44,4): error C2065: mov: необъявленный идентификатор
D:\прога\laba2\laba2\main.cpp(44,8): error C2146: синтаксическая ошибка: отсутствие ";" перед идентификатором "bl"
D:\прога\laba2\laba2\main.cpp(44,8): error C2065: bl: необъявленный идентификатор
D:\прога\laba2\laba2\main.cpp(45,4): error C2146: синтаксическая ошибка: отсутствие ";" перед идентификатором "cdq"
D:\прога\laba2\laba2\main.cpp(45,4): error C2065: cdq: необъявленный идентификатор
D:\прога\laba2\laba2\main.cpp(46,4): error C2146: синтаксическая ошибка: отсутствие ";" перед идентификатором "idiv"
D:\прога\laba2\laba2\main.cpp(46,4): error C2065: idiv: необъявленный идентификатор
D:\прога\laba2\laba2\main.cpp(46,9): error C2146: синтаксическая ошибка: отсутствие ";" перед идентификатором "bl"
D:\прога\laba2\laba2\main.cpp(46,9): error C2065: bl: необъявленный идентификатор
D:\прога\laba2\laba2\main.cpp(47,4): error C2146: синтаксическая ошибка: отсутствие ";" перед идентификатором "mov"
D:\прога\laba2\laba2\main.cpp(47,4): error C2065: mov: необъявленный идентификатор
D:\прога\laba2\laba2\main.cpp(47,8): error C2146: синтаксическая ошибка: отсутствие ";" перед идентификатором "bl"
D:\прога\laba2\laba2\main.cpp(47,8): error C2065: bl: необъявленный идентификатор
D:\прога\laba2\laba2\main.cpp(48,4): error C2146: синтаксическая ошибка: отсутствие ";" перед идентификатором "cdq"
D:\прога\laba2\laba2\main.cpp(48,4): error C2065: cdq: необъявленный идентификатор
D:\прога\laba2\laba2\main.cpp(49,4): error C2146: синтаксическая ошибка: отсутствие ";" перед идентификатором "imul"
D:\прога\laba2\laba2\main.cpp(49,4): error C2065: imul: необъявленный идентификатор
D:\прога\laba2\laba2\main.cpp(49,9): error C2146: синтаксическая ошибка: отсутствие ";" перед идентификатором "bl"
D:\прога\laba2\laba2\main.cpp(49,9): error C2065: bl: необъявленный идентификатор
D:\прога\laba2\laba2\main.cpp(50,4): error C2146: синтаксическая ошибка: отсутствие ";" перед идентификатором "sub"
D:\прога\laba2\laba2\main.cpp(50,4): error C2065: sub: необъявленный идентификатор
D:\прога\laba2\laba2\main.cpp(50,8): error C2146: синтаксическая ошибка: отсутствие ";" перед идентификатором "a"
D:\прога\laba2\laba2\main.cpp(50,11): error C2065: al: необъявленный идентификатор
D:\прога\laba2\laba2\main.cpp(51,4): fatal  error C1003: число ошибок превышает 100; остановка компиляции
