  main.cpp
D:\прога\laba1\laba1\main.cpp(7,2): error C4235: использовано нестандартное расширение: ключевое слово "__asm" данной архитектурой не поддерживается
D:\прога\laba1\laba1\main.cpp(9,3): error C2065: mov: необъявленный идентификатор
D:\прога\laba1\laba1\main.cpp(9,7): error C2146: синтаксическая ошибка: отсутствие ";" перед идентификатором "eax"
D:\прога\laba1\laba1\main.cpp(9,7): error C2065: eax: необъявленный идентификатор
D:\прога\laba1\laba1\main.cpp(10,3): error C2146: синтаксическая ошибка: отсутствие ";" перед идентификатором "mov"
D:\прога\laba1\laba1\main.cpp(10,3): error C2065: mov: необъявленный идентификатор
D:\прога\laba1\laba1\main.cpp(10,7): error C2146: синтаксическая ошибка: отсутствие ";" перед идентификатором "ebx"
D:\прога\laba1\laba1\main.cpp(10,7): error C2065: ebx: необъявленный идентификатор
D:\прога\laba1\laba1\main.cpp(11,3): error C2146: синтаксическая ошибка: отсутствие ";" перед идентификатором "cdq"
D:\прога\laba1\laba1\main.cpp(11,3): error C2065: cdq: необъявленный идентификатор
D:\прога\laba1\laba1\main.cpp(12,3): error C2146: синтаксическая ошибка: отсутствие ";" перед идентификатором "idiv"
D:\прога\laba1\laba1\main.cpp(12,3): error C2065: idiv: необъявленный идентификатор
D:\прога\laba1\laba1\main.cpp(12,8): error C2146: синтаксическая ошибка: отсутствие ";" перед идентификатором "ebx"
D:\прога\laba1\laba1\main.cpp(12,8): error C2065: ebx: необъявленный идентификатор
D:\прога\laba1\laba1\main.cpp(14,3): error C2146: синтаксическая ошибка: отсутствие ";" перед идентификатором "move"
D:\прога\laba1\laba1\main.cpp(14,3): error C2065: move: необъявленный идентификатор
D:\прога\laba1\laba1\main.cpp(14,8): error C2146: синтаксическая ошибка: отсутствие ";" перед идентификатором "ebx"
D:\прога\laba1\laba1\main.cpp(14,8): error C2065: ebx: необъявленный идентификатор
D:\прога\laba1\laba1\main.cpp(15,3): error C2146: синтаксическая ошибка: отсутствие ";" перед идентификатором "cdq"
D:\прога\laba1\laba1\main.cpp(15,3): error C2065: cdq: необъявленный идентификатор
D:\прога\laba1\laba1\main.cpp(16,3): error C2146: синтаксическая ошибка: отсутствие ";" перед идентификатором "imul"
D:\прога\laba1\laba1\main.cpp(16,3): error C2065: imul: необъявленный идентификатор
D:\прога\laba1\laba1\main.cpp(16,8): error C2146: синтаксическая ошибка: отсутствие ";" перед идентификатором "ebx"
D:\прога\laba1\laba1\main.cpp(16,8): error C2065: ebx: необъявленный идентификатор
D:\прога\laba1\laba1\main.cpp(18,3): error C2146: синтаксическая ошибка: отсутствие ";" перед идентификатором "sub"
D:\прога\laba1\laba1\main.cpp(18,3): error C2065: sub: необъявленный идентификатор
D:\прога\laba1\laba1\main.cpp(18,7): error C2146: синтаксическая ошибка: отсутствие ";" перед идентификатором "a"
D:\прога\laba1\laba1\main.cpp(18,10): error C2065: eax: необъявленный идентификатор
D:\прога\laba1\laba1\main.cpp(19,3): error C2146: синтаксическая ошибка: отсутствие ";" перед идентификатором "add"
D:\прога\laba1\laba1\main.cpp(19,3): error C2065: add: необъявленный идентификатор
D:\прога\laba1\laba1\main.cpp(19,7): error C2146: синтаксическая ошибка: отсутствие ";" перед идентификатором "a"
D:\прога\laba1\laba1\main.cpp(19,10): error C2065: ebx: необъявленный идентификатор
D:\прога\laba1\laba1\main.cpp(20,2): error C2143: синтаксическая ошибка: отсутствие ";" перед "}"
D:\прога\laba1\laba1\main.cpp(21,14): warning C4474: "printf" : для строки формата передано слишком много аргументов
D:\прога\laba1\laba1\main.cpp(21,14): message : заполнители и их параметры ожидают переменное число аргументов в количестве 0, но было предоставлено 1
D:\прога\laba1\laba1\main.cpp(6,6): error C4996: 'scanf': This function or variable may be unsafe. Consider using scanf_s instead. To disable deprecation, use _CRT_SECURE_NO_WARNINGS. See online help for details.
